[0802/165119.220:INFO:CONSOLE(0)] "Error with Permissions-Policy header: Feature xr-spatial-tracking's parameters are ignored.", source:  (0)
[0802/165119.220:INFO:CONSOLE(0)] "Error with Permissions-Policy header: Origin trial controlled feature not enabled: 'attribution-reporting'.", source:  (0)
[0802/165119.220:INFO:CONSOLE(0)] "Error with Permissions-Policy header: Unrecognized feature: 'compute-pressure'.", source:  (0)
[0802/165119.220:INFO:CONSOLE(0)] "Error with Permissions-Policy header: Origin trial controlled feature not enabled: 'interest-cohort'.", source:  (0)
[0802/165119.220:INFO:CONSOLE(0)] "Error with Permissions-Policy header: Unrecognized feature: 'private-state-token-issuance'.", source:  (0)
[0802/165119.221:INFO:CONSOLE(0)] "Error with Permissions-Policy header: Origin trial controlled feature not enabled: 'shared-storage'.", source:  (0)
[0802/165119.221:INFO:CONSOLE(0)] "Error with Permissions-Policy header: Unrecognized feature: 'shared-storage-select-url'.", source:  (0)
[0802/165119.221:INFO:CONSOLE(0)] "Error with Permissions-Policy header: Unrecognized feature: 'private-state-token-redemption'.", source:  (0)
[0802/165119.221:INFO:CONSOLE(0)] "Error with Permissions-Policy header: Unrecognized feature: 'unload'.", source:  (0)
[0802/165119.221:INFO:CONSOLE(0)] "Error with Permissions-Policy header: Unrecognized feature: 'window-management'.", source:  (0)
[0802/165119.221:INFO:CONSOLE(0)] "Document-Policy HTTP header: Unrecognized document policy feature name include-js-call-stacks-in-crash-reports.", source: https://web.whatsapp.com/ (0)
[0802/165120.702:INFO:CONSOLE(163)] "Event handler of 'x-storagemutated-1' event must be added on the initial evaluation of worker script.", source: https://static.whatsapp.net/rsrc.php/v4/yP/r/oQNa3Ff_q72.js (163)
[0802/165402.044:INFO:CONSOLE(4)] "Uncaught (in promise) Error: window is not defined", source: https://web.whatsapp.com/ (4)
[0802/165403.408:INFO:CONSOLE(163)] "Event handler of 'x-storagemutated-1' event must be added on the initial evaluation of worker script.", source: https://static.whatsapp.net/rsrc.php/v4/yP/r/oQNa3Ff_q72.js (163)
[0802/165452.438:INFO:CONSOLE(163)] "Event handler of 'x-storagemutated-1' event must be added on the initial evaluation of worker script.", source: https://static.whatsapp.net/rsrc.php/v4/yP/r/oQNa3Ff_q72.js (163)
[0802/165620.257:INFO:CONSOLE(163)] "Event handler of 'x-storagemutated-1' event must be added on the initial evaluation of worker script.", source: https://static.whatsapp.net/rsrc.php/v4/yP/r/oQNa3Ff_q72.js (163)
[0802/165732.671:INFO:CONSOLE(4)] "Uncaught (in promise) Error: window is not defined", source: https://web.whatsapp.com/ (4)
[0802/165823.002:INFO:CONSOLE(163)] "Event handler of 'x-storagemutated-1' event must be added on the initial evaluation of worker script.", source: https://static.whatsapp.net/rsrc.php/v4/yP/r/oQNa3Ff_q72.js (163)
[0802/170103.256:INFO:CONSOLE(4)] "Uncaught (in promise) Error: window is not defined", source: https://web.whatsapp.com/ (4)
[0802/170153.593:INFO:CONSOLE(163)] "Event handler of 'x-storagemutated-1' event must be added on the initial evaluation of worker script.", source: https://static.whatsapp.net/rsrc.php/v4/yP/r/oQNa3Ff_q72.js (163)
[0802/170433.818:INFO:CONSOLE(4)] "Uncaught (in promise) Error: window is not defined", source: https://web.whatsapp.com/ (4)
[0802/170524.171:INFO:CONSOLE(163)] "Event handler of 'x-storagemutated-1' event must be added on the initial evaluation of worker script.", source: https://static.whatsapp.net/rsrc.php/v4/yP/r/oQNa3Ff_q72.js (163)
[0802/170804.516:INFO:CONSOLE(4)] "Uncaught (in promise) Error: window is not defined", source: https://web.whatsapp.com/ (4)
[0802/170854.858:INFO:CONSOLE(163)] "Event handler of 'x-storagemutated-1' event must be added on the initial evaluation of worker script.", source: https://static.whatsapp.net/rsrc.php/v4/yP/r/oQNa3Ff_q72.js (163)
[0802/171135.064:INFO:CONSOLE(4)] "Uncaught (in promise) Error: window is not defined", source: https://web.whatsapp.com/ (4)
[0802/171225.481:INFO:CONSOLE(163)] "Event handler of 'x-storagemutated-1' event must be added on the initial evaluation of worker script.", source: https://static.whatsapp.net/rsrc.php/v4/yP/r/oQNa3Ff_q72.js (163)
[0802/171505.681:INFO:CONSOLE(4)] "Uncaught (in promise) Error: window is not defined", source: https://web.whatsapp.com/ (4)
[0802/171556.123:INFO:CONSOLE(163)] "Event handler of 'x-storagemutated-1' event must be added on the initial evaluation of worker script.", source: https://static.whatsapp.net/rsrc.php/v4/yP/r/oQNa3Ff_q72.js (163)
[0802/171836.528:INFO:CONSOLE(4)] "Uncaught (in promise) Error: window is not defined", source: https://web.whatsapp.com/ (4)
[0802/171926.967:INFO:CONSOLE(163)] "Event handler of 'x-storagemutated-1' event must be added on the initial evaluation of worker script.", source: https://static.whatsapp.net/rsrc.php/v4/yP/r/oQNa3Ff_q72.js (163)
[0802/172040.299:INFO:CONSOLE(163)] "Event handler of 'x-storagemutated-1' event must be added on the initial evaluation of worker script.", source: https://static.whatsapp.net/rsrc.php/v4/yP/r/oQNa3Ff_q72.js (163)
[0802/175452.303:INFO:CONSOLE(163)] "Event handler of 'x-storagemutated-1' event must be added on the initial evaluation of worker script.", source: https://static.whatsapp.net/rsrc.php/v4/yP/r/oQNa3Ff_q72.js (163)
[0802/175824.547:INFO:CONSOLE(163)] "Event handler of 'x-storagemutated-1' event must be added on the initial evaluation of worker script.", source: https://static.whatsapp.net/rsrc.php/v4/yP/r/oQNa3Ff_q72.js (163)
[0802/180155.450:INFO:CONSOLE(163)] "Event handler of 'x-storagemutated-1' event must be added on the initial evaluation of worker script.", source: https://static.whatsapp.net/rsrc.php/v4/yP/r/oQNa3Ff_q72.js (163)
[0802/180526.188:INFO:CONSOLE(163)] "Event handler of 'x-storagemutated-1' event must be added on the initial evaluation of worker script.", source: https://static.whatsapp.net/rsrc.php/v4/yP/r/oQNa3Ff_q72.js (163)
[0802/180856.769:INFO:CONSOLE(163)] "Event handler of 'x-storagemutated-1' event must be added on the initial evaluation of worker script.", source: https://static.whatsapp.net/rsrc.php/v4/yP/r/oQNa3Ff_q72.js (163)
[0802/181227.576:INFO:CONSOLE(163)] "Event handler of 'x-storagemutated-1' event must be added on the initial evaluation of worker script.", source: https://static.whatsapp.net/rsrc.php/v4/yP/r/oQNa3Ff_q72.js (163)
[0802/181558.061:INFO:CONSOLE(163)] "Event handler of 'x-storagemutated-1' event must be added on the initial evaluation of worker script.", source: https://static.whatsapp.net/rsrc.php/v4/yP/r/oQNa3Ff_q72.js (163)
[0802/181928.970:INFO:CONSOLE(163)] "Event handler of 'x-storagemutated-1' event must be added on the initial evaluation of worker script.", source: https://static.whatsapp.net/rsrc.php/v4/yP/r/oQNa3Ff_q72.js (163)
